<?xml version="1.0" encoding="UTF-8"?>
<testng-results ignored="0" total="5" passed="5" failed="0" skipped="0">
  <reporter-output>
  </reporter-output>
  <suite started-at="2024-07-23T18:40:58 GMT-07:00" name="Default suite" finished-at="2024-07-23T18:41:47 GMT-07:00" duration-ms="48112">
    <groups>
      <group name="cucumber">
        <method signature="AbstractTestNGCucumberTests.runScenario(io.cucumber.testng.PickleWrapper,io.cucumber.testng.FeatureWrapper)[pri:0, instance:runners.RunLuma@4b013c76]" name="runScenario" class="io.cucumber.testng.AbstractTestNGCucumberTests"/>
      </group> <!-- cucumber -->
    </groups>
    <test started-at="2024-07-23T18:40:58 GMT-07:00" name="Default test" finished-at="2024-07-23T18:41:47 GMT-07:00" duration-ms="48112">
      <class name="runners.RunLuma">
        <test-method is-config="true" signature="setUpClass(org.testng.ITestContext)[pri:0, instance:runners.RunLuma@4b013c76]" started-at="2024-07-23T18:40:59 GMT-07:00" name="setUpClass" finished-at="2024-07-23T18:41:00 GMT-07:00" duration-ms="1242" status="PASS">
          <params>
            <param index="0">
              <value>
                <![CDATA[org.testng.TestRunner@5fef0c19]]>
              </value>
            </param>
          </params>
          <reporter-output>
          </reporter-output>
        </test-method> <!-- setUpClass -->
        <test-method signature="runScenario(io.cucumber.testng.PickleWrapper,io.cucumber.testng.FeatureWrapper)[pri:0, instance:runners.RunLuma@4b013c76]" started-at="2024-07-23T18:41:00 GMT-07:00" name="runScenario" description="Runs Cucumber Scenarios" data-provider="scenarios" finished-at="2024-07-23T18:41:17 GMT-07:00" duration-ms="16908" status="PASS">
          <params>
            <param index="0">
              <value>
                <![CDATA["To validate successfull login on Sign In Page"]]>
              </value>
            </param>
            <param index="1">
              <value>
                <![CDATA["To validate Sign In Page"]]>
              </value>
            </param>
          </params>
          <reporter-output>
          </reporter-output>
        </test-method> <!-- runScenario -->
        <test-method signature="runScenario(io.cucumber.testng.PickleWrapper,io.cucumber.testng.FeatureWrapper)[pri:0, instance:runners.RunLuma@4b013c76]" started-at="2024-07-23T18:41:17 GMT-07:00" name="runScenario" description="Runs Cucumber Scenarios" data-provider="scenarios" finished-at="2024-07-23T18:41:24 GMT-07:00" duration-ms="6923" status="PASS">
          <params>
            <param index="0">
              <value>
                <![CDATA["To validate texts present on Page"]]>
              </value>
            </param>
            <param index="1">
              <value>
                <![CDATA["To validate Sign In Page"]]>
              </value>
            </param>
          </params>
          <reporter-output>
          </reporter-output>
        </test-method> <!-- runScenario -->
        <test-method signature="runScenario(io.cucumber.testng.PickleWrapper,io.cucumber.testng.FeatureWrapper)[pri:0, instance:runners.RunLuma@4b013c76]" started-at="2024-07-23T18:41:24 GMT-07:00" name="runScenario" description="Runs Cucumber Scenarios" data-provider="scenarios" finished-at="2024-07-23T18:41:32 GMT-07:00" duration-ms="8480" status="PASS">
          <params>
            <param index="0">
              <value>
                <![CDATA["To validate with invalid username and password to SignIn"]]>
              </value>
            </param>
            <param index="1">
              <value>
                <![CDATA["To validate Sign In Page"]]>
              </value>
            </param>
          </params>
          <reporter-output>
          </reporter-output>
        </test-method> <!-- runScenario -->
        <test-method signature="runScenario(io.cucumber.testng.PickleWrapper,io.cucumber.testng.FeatureWrapper)[pri:0, instance:runners.RunLuma@4b013c76]" started-at="2024-07-23T18:41:32 GMT-07:00" name="runScenario" description="Runs Cucumber Scenarios" data-provider="scenarios" finished-at="2024-07-23T18:41:39 GMT-07:00" duration-ms="7062" status="PASS">
          <params>
            <param index="0">
              <value>
                <![CDATA["To validate create Account button and verify Create Account Page Title"]]>
              </value>
            </param>
            <param index="1">
              <value>
                <![CDATA["To validate Sign In Page"]]>
              </value>
            </param>
          </params>
          <reporter-output>
          </reporter-output>
        </test-method> <!-- runScenario -->
        <test-method signature="runScenario(io.cucumber.testng.PickleWrapper,io.cucumber.testng.FeatureWrapper)[pri:0, instance:runners.RunLuma@4b013c76]" started-at="2024-07-23T18:41:39 GMT-07:00" name="runScenario" description="Runs Cucumber Scenarios" data-provider="scenarios" finished-at="2024-07-23T18:41:46 GMT-07:00" duration-ms="7001" status="PASS">
          <params>
            <param index="0">
              <value>
                <![CDATA["To validate forgot Password Link and verify forgot Password Title"]]>
              </value>
            </param>
            <param index="1">
              <value>
                <![CDATA["To validate Sign In Page"]]>
              </value>
            </param>
          </params>
          <reporter-output>
          </reporter-output>
        </test-method> <!-- runScenario -->
        <test-method is-config="true" signature="tearDownClass()[pri:0, instance:runners.RunLuma@4b013c76]" started-at="2024-07-23T18:41:46 GMT-07:00" name="tearDownClass" finished-at="2024-07-23T18:41:47 GMT-07:00" duration-ms="434" status="PASS">
          <reporter-output>
          </reporter-output>
        </test-method> <!-- tearDownClass -->
      </class> <!-- runners.RunLuma -->
    </test> <!-- Default test -->
  </suite> <!-- Default suite -->
</testng-results>
